[Arguments] {
  '0': UserRequestError {
    err: 'Timeout',
    message: 'Req timed out',
    response: undefined
  }
}
[Arguments] {
  '0': UserRequestError {
    err: 'Timeout',
    message: 'Req timed out',
    response: undefined
  }
}
[Arguments] {
  '0': UserRequestError {
    err: 'Timeout',
    message: 'Req timed out',
    response: undefined
  }
}
[Arguments] {
  '0': UserRequestError {
    err: 'Timeout',
    message: 'Req timed out',
    response: undefined
  }
}
[Arguments] {
  '0': UserRequestError {
    err: 'Timeout',
    message: 'Req timed out',
    response: undefined
  }
}
[Arguments] {
  '0': UserRequestError {
    err: 'Timeout',
    message: 'Req timed out',
    response: undefined
  }
}
[Arguments] {
  '0': UserRequestError {
    err: 'Timeout',
    message: 'Req timed out',
    response: undefined
  }
}
[Arguments] {
  '0': UserRequestError {
    err: 'Timeout',
    message: 'Req timed out',
    response: undefined
  }
}
[Arguments] {
  '0': UserRequestError {
    err: 'Timeout',
    message: 'Req timed out',
    response: undefined
  }
}
[Arguments] {
  '0': UserRequestError {
    err: 'Timeout',
    message: 'Req timed out',
    response: undefined
  }
}
[Arguments] {
  '0': UserRequestError {
    err: 'Timeout',
    message: 'Req timed out',
    response: undefined
  }
}
[Arguments] {
  '0': UserRequestError {
    err: 'Timeout',
    message: 'Req timed out',
    response: undefined
  }
}
[Arguments] {
  '0': UserRequestError {
    err: 'Timeout',
    message: 'Req timed out',
    response: undefined
  }
}
[Arguments] {
  '0': UserRequestError {
    err: 'Timeout',
    message: 'Req timed out',
    response: undefined
  }
}
[Arguments] {
  '0': UserRequestError {
    err: 'Timeout',
    message: 'Req timed out',
    response: undefined
  }
}
[Arguments] {
  '0': UserRequestError {
    err: 'Timeout',
    message: 'Req timed out',
    response: undefined
  }
}
[Arguments] {
  '0': UserRequestError {
    err: 'Timeout',
    message: 'Req timed out',
    response: undefined
  }
}
[Arguments] {
  '0': UserRequestError {
    err: 'Timeout',
    message: 'Req timed out',
    response: undefined
  }
}
[Arguments] {
  '0': UserRequestError {
    err: 'Timeout',
    message: 'Req timed out',
    response: undefined
  }
}
[Arguments] {
  '0': UserRequestError {
    err: 'Timeout',
    message: 'Req timed out',
    response: undefined
  }
}
[Arguments] {
  '0': UserRequestError {
    err: 'Timeout',
    message: 'Req timed out',
    response: undefined
  }
}
[Arguments] {
  '0': UserRequestError {
    err: 'Timeout',
    message: 'Req timed out',
    response: undefined
  }
}
[Arguments] {
  '0': UserRequestError {
    err: 'Timeout',
    message: 'Req timed out',
    response: undefined
  }
}
[Arguments] {
  '0': UserRequestError {
    err: 'Timeout',
    message: 'Req timed out',
    response: undefined
  }
}
[Arguments] {
  '0': UserRequestError {
    err: 'Timeout',
    message: 'Req timed out',
    response: undefined
  }
}
[Arguments] {
  '0': UserRequestError {
    err: 'Timeout',
    message: 'Req timed out',
    response: undefined
  }
}
[Arguments] {
  '0': UserRequestError {
    err: 'Timeout',
    message: 'Req timed out',
    response: undefined
  }
}
[Arguments] {
  '0': UserRequestError {
    err: 'Timeout',
    message: 'Req timed out',
    response: undefined
  }
}
